2023-04-19 11:04:29,863 [restartedMain] INFO  com.example.demo.DemoApplication 51 - Starting DemoApplication using Java 17.0.6 with PID 15180 (C:\Users\user\Desktop\Java_Spring\demo\target\classes started by user in C:\Users\user\Desktop\Java_Spring\demo)
2023-04-19 11:04:29,867 [restartedMain] INFO  com.example.demo.DemoApplication 632 - No active profile set, falling back to 1 default profile: "default"
2023-04-19 11:04:29,923 [restartedMain] INFO  o.s.b.d.e.DevToolsPropertyDefaultsPostProcessor 250 - Devtools property defaults active! Set 'spring.devtools.add-properties' to 'false' to disable
2023-04-19 11:04:29,925 [restartedMain] INFO  o.s.b.d.e.DevToolsPropertyDefaultsPostProcessor 250 - For additional web related logging consider setting the 'logging.level.web' property to 'DEBUG'
2023-04-19 11:04:30,616 [restartedMain] INFO  o.s.d.r.c.RepositoryConfigurationDelegate 138 - Bootstrapping Spring Data JPA repositories in DEFAULT mode.
2023-04-19 11:04:30,675 [restartedMain] INFO  o.s.d.r.c.RepositoryConfigurationDelegate 208 - Finished Spring Data repository scanning in 48 ms. Found 1 JPA repository interfaces.
2023-04-19 11:04:31,329 [restartedMain] INFO  o.s.b.w.e.tomcat.TomcatWebServer 108 - Tomcat initialized with port(s): 8080 (http)
2023-04-19 11:04:31,339 [restartedMain] INFO  o.a.coyote.http11.Http11NioProtocol 173 - Initializing ProtocolHandler ["http-nio-8080"]
2023-04-19 11:04:31,340 [restartedMain] INFO  o.a.catalina.core.StandardService 173 - Starting service [Tomcat]
2023-04-19 11:04:31,340 [restartedMain] INFO  o.a.catalina.core.StandardEngine 173 - Starting Servlet engine: [Apache Tomcat/10.1.7]
2023-04-19 11:04:31,418 [restartedMain] INFO  o.a.c.c.C.[Tomcat].[localhost].[/] 173 - Initializing Spring embedded WebApplicationContext
2023-04-19 11:04:31,419 [restartedMain] INFO  o.s.b.w.s.c.ServletWebServerApplicationContext 291 - Root WebApplicationContext: initialization completed in 1491 ms
2023-04-19 11:04:31,468 [restartedMain] INFO  com.zaxxer.hikari.HikariDataSource 110 - HikariPool-1 - Starting...
2023-04-19 11:04:31,478 [restartedMain] WARN  c.z.hikari.util.DriverDataSource 70 - Registered driver with driverClassName=com.mysql.jdbc.Driver was not found, trying direct instantiation.
2023-04-19 11:04:31,665 [restartedMain] INFO  com.zaxxer.hikari.pool.HikariPool 565 - HikariPool-1 - Added connection com.mysql.cj.jdbc.ConnectionImpl@39de1d43
2023-04-19 11:04:31,667 [restartedMain] INFO  com.zaxxer.hikari.HikariDataSource 123 - HikariPool-1 - Start completed.
2023-04-19 11:04:31,681 [restartedMain] INFO  o.s.b.a.h.H2ConsoleAutoConfiguration 88 - H2 console available at '/h2-console'. Database available at 'jdbc:mysql://localhost:3306/member'
2023-04-19 11:04:31,839 [restartedMain] INFO  o.h.jpa.internal.util.LogHelper 31 - HHH000204: Processing PersistenceUnitInfo [name: default]
2023-04-19 11:04:31,901 [restartedMain] INFO  org.hibernate.Version 44 - HHH000412: Hibernate ORM core version 6.1.5.Final
2023-04-19 11:04:32,145 [restartedMain] WARN  org.hibernate.orm.deprecation 626 - HHH90000021: Encountered deprecated setting [javax.persistence.sharedCache.mode], use [jakarta.persistence.sharedCache.mode] instead
2023-04-19 11:04:32,364 [restartedMain] INFO  SQL dialect 66 - HHH000400: Using dialect: org.hibernate.dialect.MySQLDialect
2023-04-19 11:04:33,385 [restartedMain] INFO  o.h.e.t.j.p.i.JtaPlatformInitiator 51 - HHH000490: Using JtaPlatform implementation: [org.hibernate.engine.transaction.jta.platform.internal.NoJtaPlatform]
2023-04-19 11:04:33,393 [restartedMain] INFO  o.s.o.j.LocalContainerEntityManagerFactoryBean 437 - Initialized JPA EntityManagerFactory for persistence unit 'default'
2023-04-19 11:04:33,885 [restartedMain] WARN  o.s.b.a.o.j.JpaBaseConfiguration$JpaWebConfiguration 231 - spring.jpa.open-in-view is enabled by default. Therefore, database queries may be performed during view rendering. Explicitly configure spring.jpa.open-in-view to disable this warning
2023-04-19 11:04:34,312 [restartedMain] INFO  o.s.b.d.a.OptionalLiveReloadServer 59 - LiveReload server is running on port 35729
2023-04-19 11:04:34,334 [restartedMain] INFO  o.a.coyote.http11.Http11NioProtocol 173 - Starting ProtocolHandler ["http-nio-8080"]
2023-04-19 11:04:34,358 [restartedMain] INFO  o.s.b.w.e.tomcat.TomcatWebServer 220 - Tomcat started on port(s): 8080 (http) with context path ''
2023-04-19 11:04:34,369 [restartedMain] INFO  com.example.demo.DemoApplication 57 - Started DemoApplication in 4.857 seconds (process running for 5.739)
2023-04-19 11:04:39,372 [http-nio-8080-exec-1] INFO  o.a.c.c.C.[Tomcat].[localhost].[/] 173 - Initializing Spring DispatcherServlet 'dispatcherServlet'
2023-04-19 11:04:39,372 [http-nio-8080-exec-1] INFO  o.s.web.servlet.DispatcherServlet 532 - Initializing Servlet 'dispatcherServlet'
2023-04-19 11:04:39,372 [http-nio-8080-exec-1] INFO  o.s.web.servlet.DispatcherServlet 554 - Completed initialization in 0 ms
2023-04-19 11:08:38,707 [SpringApplicationShutdownHook] INFO  o.s.o.j.LocalContainerEntityManagerFactoryBean 650 - Closing JPA EntityManagerFactory for persistence unit 'default'
2023-04-19 11:08:38,707 [SpringApplicationShutdownHook] INFO  o.h.t.s.i.SchemaDropperImpl$DelayedDropActionImpl 585 - HHH000477: Starting delayed evictData of schema as part of SessionFactory shut-down'
2023-04-19 11:08:38,739 [SpringApplicationShutdownHook] INFO  com.zaxxer.hikari.HikariDataSource 350 - HikariPool-1 - Shutdown initiated...
2023-04-19 11:08:38,771 [SpringApplicationShutdownHook] INFO  com.zaxxer.hikari.HikariDataSource 352 - HikariPool-1 - Shutdown completed.
